05/22/2019 08:19:44 PM - loopMenuPage - INFO: Element found with locator: //ul[@class='main-menu ng-star-inserted']/li and  locatorType: xpath
05/22/2019 08:19:45 PM - loopMenuPage - INFO: Element found with locator: //ul[@class='main-menu ng-star-inserted']/li and  locatorType: xpath
05/22/2019 08:19:45 PM - loopMenuPage - INFO: ['Utbud', 'Kundservice', 'Tv-guide']
05/22/2019 08:19:45 PM - loopMenuPage - INFO: Element found with locator: //ul[@class='main-menu ng-star-inserted']/li and  locatorType: xpath
05/22/2019 08:19:45 PM - loopMenuPage - INFO: Element found with locator: //ul/li[contains(text(),'Utbud')] and  locatorType: xpath
05/22/2019 08:19:45 PM - loopMenuPage - INFO: Element is displayed with locator: //ul/li[contains(text(),'Utbud')] locatorType: xpath
05/22/2019 08:19:45 PM - loopMenuPage - INFO: Element found with locator: //ul/li[contains(text(),'Utbud')] and  locatorType: xpath
05/22/2019 08:19:45 PM - loopMenuPage - INFO: Clicked on element with locator: //ul/li[contains(text(),'Utbud')] locatorType: xpath
05/22/2019 08:19:45 PM - loopMenuPage - INFO: Element found with locator: //ul/li[contains(text(),'Kundservice')] and  locatorType: xpath
05/22/2019 08:19:45 PM - loopMenuPage - INFO: Element is displayed with locator: //ul/li[contains(text(),'Kundservice')] locatorType: xpath
05/22/2019 08:19:45 PM - loopMenuPage - INFO: Element found with locator: //ul/li[contains(text(),'Kundservice')] and  locatorType: xpath
05/22/2019 08:19:45 PM - loopMenuPage - INFO: Clicked on element with locator: //ul/li[contains(text(),'Kundservice')] locatorType: xpath
05/22/2019 08:19:45 PM - loopMenuPage - INFO: Element found with locator: //ul/li[contains(text(),'Tv-guide')] and  locatorType: xpath
05/22/2019 08:19:46 PM - loopMenuPage - INFO: Element is displayed with locator: //ul/li[contains(text(),'Tv-guide')] locatorType: xpath
05/22/2019 08:19:46 PM - loopMenuPage - INFO: Element found with locator: //ul/li[contains(text(),'Tv-guide')] and  locatorType: xpath
05/22/2019 08:19:46 PM - loopMenuPage - INFO: Clicked on element with locator: //ul/li[contains(text(),'Tv-guide')] locatorType: xpath
05/22/2019 08:19:46 PM - loopMenuPage - INFO: Element found with locator: //app-breadcrumb//span[contains(text(),'Tv-guide')] and  locatorType: xpath
05/22/2019 08:19:46 PM - loopMenuPage - INFO: Element with locator: //app-breadcrumb//span[contains(text(),'Tv-guide')] locatorType: xpath
05/22/2019 08:19:46 PM - Status - INFO: ### VERIFICATION SUCCESSFUL :: breadcrumb is visible
05/22/2019 08:19:46 PM - Status - INFO: test_menu ### TEST SUCCESSFUL
05/22/2019 08:26:42 PM - loopMenuPage - INFO: Element found with locator: //ul[@class='main-menu ng-star-inserted']/li and  locatorType: xpath
05/22/2019 08:26:42 PM - loopMenuPage - INFO: Element found with locator: //ul[@class='main-menu ng-star-inserted']/li and  locatorType: xpath
05/22/2019 08:26:42 PM - loopMenuPage - INFO: ['Utbud', 'Kundservice', 'Tv-guide']
05/22/2019 08:26:42 PM - loopMenuPage - INFO: Element found with locator: //ul[@class='main-menu ng-star-inserted']/li and  locatorType: xpath
05/22/2019 08:26:42 PM - loopMenuPage - INFO: Element found with locator: //ul/li[contains(text(),'Utbud')] and  locatorType: xpath
05/22/2019 08:26:42 PM - loopMenuPage - INFO: Element is displayed with locator: //ul/li[contains(text(),'Utbud')] locatorType: xpath
05/22/2019 08:26:43 PM - loopMenuPage - INFO: Element found with locator: //ul/li[contains(text(),'Utbud')] and  locatorType: xpath
05/22/2019 08:26:43 PM - loopMenuPage - INFO: Clicked on element with locator: //ul/li[contains(text(),'Utbud')] locatorType: xpath
05/22/2019 08:26:43 PM - loopMenuPage - INFO: Element found with locator: //ul/li[contains(text(),'Kundservice')] and  locatorType: xpath
05/22/2019 08:26:43 PM - loopMenuPage - INFO: Element is displayed with locator: //ul/li[contains(text(),'Kundservice')] locatorType: xpath
05/22/2019 08:26:43 PM - loopMenuPage - INFO: Element found with locator: //ul/li[contains(text(),'Kundservice')] and  locatorType: xpath
05/22/2019 08:26:43 PM - loopMenuPage - INFO: Clicked on element with locator: //ul/li[contains(text(),'Kundservice')] locatorType: xpath
05/22/2019 08:26:43 PM - loopMenuPage - INFO: Element found with locator: //ul/li[contains(text(),'Tv-guide')] and  locatorType: xpath
05/22/2019 08:26:43 PM - loopMenuPage - INFO: Element is displayed with locator: //ul/li[contains(text(),'Tv-guide')] locatorType: xpath
05/22/2019 08:26:43 PM - loopMenuPage - INFO: Element found with locator: //ul/li[contains(text(),'Tv-guide')] and  locatorType: xpath
05/22/2019 08:26:43 PM - loopMenuPage - INFO: Clicked on element with locator: //ul/li[contains(text(),'Tv-guide')] locatorType: xpath
05/22/2019 08:26:43 PM - loopMenuPage - INFO: Element found with locator: //app-breadcrumb//span[contains(text(),'Tv-guide')] and  locatorType: xpath
05/22/2019 08:26:43 PM - loopMenuPage - INFO: Element with locator: //app-breadcrumb//span[contains(text(),'Tv-guide')] locatorType: xpath
05/22/2019 08:26:43 PM - Status - INFO: ### VERIFICATION SUCCESSFUL :: breadcrumb is visible
05/22/2019 08:26:43 PM - Status - INFO: test_menu ### TEST SUCCESSFUL
05/22/2019 08:27:53 PM - loopMenuPage - INFO: Element found with locator: //ul[@class='main-menu ng-star-inserted']/li and  locatorType: xpath
05/22/2019 08:27:53 PM - loopMenuPage - INFO: Element found with locator: //ul[@class='main-menu ng-star-inserted']/li and  locatorType: xpath
05/22/2019 08:27:53 PM - loopMenuPage - INFO: ['Utbud', 'Kundservice', 'Tv-guide']
05/22/2019 08:27:53 PM - loopMenuPage - INFO: Element found with locator: //ul[@class='main-menu ng-star-inserted']/li and  locatorType: xpath
05/22/2019 08:27:53 PM - loopMenuPage - INFO: Element found with locator: //ul/li[contains(text(),'Utbud')] and  locatorType: xpath
05/22/2019 08:27:53 PM - loopMenuPage - INFO: Element is displayed with locator: //ul/li[contains(text(),'Utbud')] locatorType: xpath
05/22/2019 08:27:53 PM - loopMenuPage - INFO: Element found with locator: //ul/li[contains(text(),'Utbud')] and  locatorType: xpath
05/22/2019 08:27:54 PM - loopMenuPage - INFO: Clicked on element with locator: //ul/li[contains(text(),'Utbud')] locatorType: xpath
05/22/2019 08:27:54 PM - loopMenuPage - INFO: Element found with locator: //ul/li[contains(text(),'Kundservice')] and  locatorType: xpath
05/22/2019 08:27:54 PM - loopMenuPage - INFO: Element is displayed with locator: //ul/li[contains(text(),'Kundservice')] locatorType: xpath
05/22/2019 08:27:54 PM - loopMenuPage - INFO: Element found with locator: //ul/li[contains(text(),'Kundservice')] and  locatorType: xpath
05/22/2019 08:27:54 PM - loopMenuPage - INFO: Clicked on element with locator: //ul/li[contains(text(),'Kundservice')] locatorType: xpath
05/22/2019 08:27:54 PM - loopMenuPage - INFO: Element found with locator: //ul/li[contains(text(),'Tv-guide')] and  locatorType: xpath
05/22/2019 08:27:54 PM - loopMenuPage - INFO: Element is displayed with locator: //ul/li[contains(text(),'Tv-guide')] locatorType: xpath
05/22/2019 08:27:54 PM - loopMenuPage - INFO: Element found with locator: //ul/li[contains(text(),'Tv-guide')] and  locatorType: xpath
05/22/2019 08:27:54 PM - loopMenuPage - INFO: Clicked on element with locator: //ul/li[contains(text(),'Tv-guide')] locatorType: xpath
05/22/2019 08:27:54 PM - loopMenuPage - INFO: Element found with locator: //app-breadcrumb//span[contains(text(),'Tv-guide')] and  locatorType: xpath
05/22/2019 08:27:54 PM - loopMenuPage - INFO: Element with locator: //app-breadcrumb//span[contains(text(),'Tv-guide')] locatorType: xpath
05/22/2019 08:27:54 PM - Status - INFO: ### VERIFICATION SUCCESSFUL :: breadcrumb is visible
05/22/2019 08:27:54 PM - Status - INFO: test_menu ### TEST SUCCESSFUL
05/22/2019 08:29:05 PM - loopMenuPage2 - INFO: Element found with locator: //ul[@class='main-menu ng-star-inserted']/li and  locatorType: xpath
05/22/2019 08:29:05 PM - loopMenuPage2 - INFO: Element found with locator: //ul[@class='main-menu ng-star-inserted']/li and  locatorType: xpath
05/22/2019 08:29:05 PM - loopMenuPage2 - INFO: ['Utbud', 'Kundservice', 'Tv-guide']
05/22/2019 08:29:05 PM - loopMenuPage2 - INFO: Element found with locator: //ul[@class='main-menu ng-star-inserted']/li and  locatorType: xpath
05/22/2019 08:29:05 PM - loopMenuPage2 - INFO: Element found with locator: //ul/li[contains(text(),'Utbud')] and  locatorType: xpath
05/22/2019 08:29:05 PM - loopMenuPage2 - INFO: Element is displayed with locator: //ul/li[contains(text(),'Utbud')] locatorType: xpath
05/22/2019 08:29:05 PM - loopMenuPage2 - INFO: Element found with locator: //ul/li[contains(text(),'Utbud')] and  locatorType: xpath
05/22/2019 08:29:05 PM - loopMenuPage2 - INFO: Clicked on element with locator: //ul/li[contains(text(),'Utbud')] locatorType: xpath
05/22/2019 08:29:06 PM - loopMenuPage2 - INFO: Element found with locator: //ul/li[contains(text(),'Kundservice')] and  locatorType: xpath
05/22/2019 08:29:06 PM - loopMenuPage2 - INFO: Element is displayed with locator: //ul/li[contains(text(),'Kundservice')] locatorType: xpath
05/22/2019 08:29:06 PM - loopMenuPage2 - INFO: Element found with locator: //ul/li[contains(text(),'Kundservice')] and  locatorType: xpath
05/22/2019 08:29:06 PM - loopMenuPage2 - INFO: Clicked on element with locator: //ul/li[contains(text(),'Kundservice')] locatorType: xpath
05/22/2019 08:29:06 PM - loopMenuPage2 - INFO: Element found with locator: //ul/li[contains(text(),'Tv-guide')] and  locatorType: xpath
05/22/2019 08:29:06 PM - loopMenuPage2 - INFO: Element is displayed with locator: //ul/li[contains(text(),'Tv-guide')] locatorType: xpath
05/22/2019 08:29:06 PM - loopMenuPage2 - INFO: Element found with locator: //ul/li[contains(text(),'Tv-guide')] and  locatorType: xpath
05/22/2019 08:29:06 PM - loopMenuPage2 - INFO: Clicked on element with locator: //ul/li[contains(text(),'Tv-guide')] locatorType: xpath
05/22/2019 08:29:06 PM - loopMenuPage2 - INFO: Element found with locator: //app-breadcrumb//span[contains(text(),'Tv-guide')] and  locatorType: xpath
05/22/2019 08:29:06 PM - loopMenuPage2 - INFO: Element with locator: //app-breadcrumb//span[contains(text(),'Tv-guide')] locatorType: xpath
05/22/2019 08:29:06 PM - Status - INFO: ### VERIFICATION SUCCESSFUL :: breadcrumb is visible
05/22/2019 08:29:06 PM - Status - INFO: test_menu ### TEST SUCCESSFUL
05/23/2019 01:22:09 PM - loopMenuPage - INFO: Element found with locator: //ul[@class='main-menu ng-star-inserted']/li and  locatorType: xpath
05/23/2019 01:22:09 PM - loopMenuPage - INFO: Element found with locator: //ul[@class='main-menu ng-star-inserted']/li and  locatorType: xpath
05/23/2019 01:22:09 PM - loopMenuPage - INFO: ['Utbud', 'Kundservice', 'Tv-guide']
05/23/2019 01:22:09 PM - loopMenuPage - INFO: Element found with locator: //ul[@class='main-menu ng-star-inserted']/li and  locatorType: xpath
05/23/2019 01:22:09 PM - loopMenuPage - INFO: Element found with locator: //ul/li[contains(text(),'Utbud')] and  locatorType: xpath
05/23/2019 01:22:09 PM - loopMenuPage - INFO: Element is displayed with locator: //ul/li[contains(text(),'Utbud')] locatorType: xpath
05/23/2019 01:22:09 PM - loopMenuPage - INFO: Element found with locator: //ul/li[contains(text(),'Utbud')] and  locatorType: xpath
05/23/2019 01:22:09 PM - loopMenuPage - INFO: Clicked on element with locator: //ul/li[contains(text(),'Utbud')] locatorType: xpath
05/23/2019 01:22:09 PM - loopMenuPage - INFO: Element found with locator: //ul/li[contains(text(),'Kundservice')] and  locatorType: xpath
05/23/2019 01:22:09 PM - loopMenuPage - INFO: Element is displayed with locator: //ul/li[contains(text(),'Kundservice')] locatorType: xpath
05/23/2019 01:22:09 PM - loopMenuPage - INFO: Element found with locator: //ul/li[contains(text(),'Kundservice')] and  locatorType: xpath
05/23/2019 01:22:09 PM - loopMenuPage - INFO: Clicked on element with locator: //ul/li[contains(text(),'Kundservice')] locatorType: xpath
05/23/2019 01:22:09 PM - loopMenuPage - INFO: Element found with locator: //ul/li[contains(text(),'Tv-guide')] and  locatorType: xpath
05/23/2019 01:22:09 PM - loopMenuPage - INFO: Element is displayed with locator: //ul/li[contains(text(),'Tv-guide')] locatorType: xpath
05/23/2019 01:22:10 PM - loopMenuPage - INFO: Element found with locator: //ul/li[contains(text(),'Tv-guide')] and  locatorType: xpath
05/23/2019 01:22:10 PM - loopMenuPage - INFO: Clicked on element with locator: //ul/li[contains(text(),'Tv-guide')] locatorType: xpath
05/23/2019 01:22:10 PM - loopMenuPage - INFO: Element found with locator: //app-breadcrumb//span[contains(text(),'Tv-guide')] and  locatorType: xpath
05/23/2019 01:22:10 PM - loopMenuPage - INFO: Element with locator: //app-breadcrumb//span[contains(text(),'Tv-guide')] locatorType: xpath
05/23/2019 01:22:10 PM - Status - INFO: ### VERIFICATION SUCCESSFUL :: breadcrumb is visible
05/23/2019 01:22:10 PM - Status - INFO: test_menu ### TEST SUCCESSFUL
05/23/2019 01:22:19 PM - loopMenuPage2 - INFO: Element found with locator: //ul[@class='main-menu ng-star-inserted']/li and  locatorType: xpath
05/23/2019 01:22:19 PM - loopMenuPage2 - INFO: Element found with locator: //ul[@class='main-menu ng-star-inserted']/li and  locatorType: xpath
05/23/2019 01:22:20 PM - loopMenuPage2 - INFO: ['Utbud', 'Kundservice', 'Tv-guide']
05/23/2019 01:22:20 PM - loopMenuPage2 - INFO: Element found with locator: //ul[@class='main-menu ng-star-inserted']/li and  locatorType: xpath
05/23/2019 01:22:20 PM - loopMenuPage2 - INFO: Element found with locator: //ul/li[contains(text(),'Utbud')] and  locatorType: xpath
05/23/2019 01:22:20 PM - loopMenuPage2 - INFO: Element is displayed with locator: //ul/li[contains(text(),'Utbud')] locatorType: xpath
05/23/2019 01:22:20 PM - loopMenuPage2 - INFO: Element found with locator: //ul/li[contains(text(),'Utbud')] and  locatorType: xpath
05/23/2019 01:22:20 PM - loopMenuPage2 - INFO: Clicked on element with locator: //ul/li[contains(text(),'Utbud')] locatorType: xpath
05/23/2019 01:22:20 PM - loopMenuPage2 - INFO: Element found with locator: //ul/li[contains(text(),'Kundservice')] and  locatorType: xpath
05/23/2019 01:22:20 PM - loopMenuPage2 - INFO: Element is displayed with locator: //ul/li[contains(text(),'Kundservice')] locatorType: xpath
05/23/2019 01:22:20 PM - loopMenuPage2 - INFO: Element found with locator: //ul/li[contains(text(),'Kundservice')] and  locatorType: xpath
05/23/2019 01:22:20 PM - loopMenuPage2 - INFO: Clicked on element with locator: //ul/li[contains(text(),'Kundservice')] locatorType: xpath
05/23/2019 01:22:20 PM - loopMenuPage2 - INFO: Element found with locator: //ul/li[contains(text(),'Tv-guide')] and  locatorType: xpath
05/23/2019 01:22:21 PM - loopMenuPage2 - INFO: Element is displayed with locator: //ul/li[contains(text(),'Tv-guide')] locatorType: xpath
05/23/2019 01:22:21 PM - loopMenuPage2 - INFO: Element found with locator: //ul/li[contains(text(),'Tv-guide')] and  locatorType: xpath
05/23/2019 01:22:21 PM - loopMenuPage2 - INFO: Clicked on element with locator: //ul/li[contains(text(),'Tv-guide')] locatorType: xpath
05/23/2019 01:22:21 PM - loopMenuPage2 - INFO: Element found with locator: //app-breadcrumb//span[contains(text(),'Tv-guide')] and  locatorType: xpath
05/23/2019 01:22:21 PM - loopMenuPage2 - INFO: Element with locator: //app-breadcrumb//span[contains(text(),'Tv-guide')] locatorType: xpath
05/23/2019 01:22:21 PM - Status - INFO: ### VERIFICATION SUCCESSFUL :: breadcrumb is visible
05/23/2019 01:22:21 PM - Status - INFO: test_menu ### TEST SUCCESSFUL
